<?xml version="1.0" encoding="UTF-8"?>
<!-- Generated by org.testng.reporters.JUnitReportReporter -->
<testsuite hostname="DESKTOP-J3AOCFC" failures="0" tests="1" name="SWT.testngpgm1" time="0.073" errors="0" timestamp="2024-04-20T14:22:10 IST" skipped="0">
  <testcase classname="SWT.testngpgm1" name="f" time="0.073"/>
  <system-out/>
</testsuite> <!-- SWT.testngpgm1 -->
